<?xml version="1.0" encoding="UTF-8"?>
<!-- Generated by org.testng.reporters.JUnitReportReporter -->
<testsuite hostname="ADMIN-PC" name="pom.irctc.testcases.TC004" tests="1" failures="0" timestamp="14 Jun 2019 04:29:33 GMT" time="38.053" errors="0">
  <testcase name="saloonMandatoryCheck" time="38.053" classname="pom.irctc.testcases.TC004"/>
</testsuite> <!-- pom.irctc.testcases.TC004 -->
