<?xml version="1.0" encoding="UTF-8"?>
<!-- Generated by org.testng.reporters.JUnitReportReporter -->
<testsuite hostname="ADMIN-PC" name="pom.irctc.testcases.TC002" tests="1" failures="0" timestamp="14 Jun 2019 04:25:00 GMT" time="70.604" errors="0">
  <testcase name="accomodations" time="70.604" classname="pom.irctc.testcases.TC002"/>
</testsuite> <!-- pom.irctc.testcases.TC002 -->
