<?xml version="1.0" encoding="UTF-8"?>
<!-- Generated by org.testng.reporters.JUnitReportReporter -->
<testsuite hostname="ADMIN-PC" name="pom.irctc.testcases.TC003" tests="1" failures="0" timestamp="14 Jun 2019 04:27:56 GMT" time="54.744" errors="0">
  <testcase name="nvspForm6" time="54.744" classname="pom.irctc.testcases.TC003"/>
</testsuite> <!-- pom.irctc.testcases.TC003 -->
