<?xml version="1.0" encoding="UTF-8"?>
<!-- Generated by org.testng.reporters.JUnitReportReporter -->
<testsuite hostname="ADMIN-PC" name="utils.SampleReport" tests="1" failures="0" timestamp="2 Jun 2019 06:59:52 GMT" time="0.794" errors="0">
  <testcase name="sReport" time="0.794" classname="utils.SampleReport"/>
</testsuite> <!-- utils.SampleReport -->
