<?xml version="1.0" encoding="UTF-8"?>
<!-- Generated by org.testng.reporters.JUnitReportReporter -->
<testsuite hostname="ADMIN-PC" name="pom.irctc.testcases.TC005" tests="1" failures="0" timestamp="14 Jun 2019 04:31:42 GMT" time="53.013" errors="0">
  <testcase name="gstValidation" time="53.013" classname="pom.irctc.testcases.TC005"/>
</testsuite> <!-- pom.irctc.testcases.TC005 -->
