<?xml version="1.0" encoding="UTF-8"?>
<!-- Generated by org.testng.reporters.JUnitReportReporter -->
<testsuite hostname="ADMIN-PC" name="testcases.TC005" tests="3" failures="0" timestamp="25 May 2019 15:28:39 GMT" time="337.885" errors="0">
  <testcase name="gstValidation" time="95.304" classname="testcases.TC005"/>
  <testcase name="gstValidation" time="152.823" classname="testcases.TC005"/>
  <testcase name="gstValidation" time="89.758" classname="testcases.TC005"/>
</testsuite> <!-- testcases.TC005 -->
