<?xml version="1.0" encoding="UTF-8"?>
<!-- Generated by org.testng.reporters.JUnitReportReporter -->
<testsuite hostname="ADMIN-PC" name="testcases.TC002" tests="3" failures="0" timestamp="19 May 2019 11:34:34 GMT" time="425.752" errors="0">
  <testcase name="accomodations" time="155.060" classname="testcases.TC002"/>
  <testcase name="accomodations" time="133.902" classname="testcases.TC002"/>
  <testcase name="accomodations" time="136.790" classname="testcases.TC002"/>
</testsuite> <!-- testcases.TC002 -->
