<?xml version="1.0" encoding="UTF-8"?>
<!-- Generated by org.testng.reporters.JUnitReportReporter -->
<testsuite hostname="ADMIN-PC" name="wrappers.DP" tests="1" failures="0" timestamp="18 May 2019 15:08:11 GMT" time="1.473" errors="0">
  <testcase name="getData" time="1.473" classname="wrappers.DP"/>
</testsuite> <!-- wrappers.DP -->
