<?xml version="1.0" encoding="UTF-8"?>
<!-- Generated by org.testng.reporters.JUnitReportReporter -->
<testsuite hostname="ADMIN-PC" name="testcases.TC007" tests="3" failures="0" timestamp="25 May 2019 15:36:13 GMT" time="206.147" errors="0">
  <testcase name="deletionElectoralRoll" time="68.339" classname="testcases.TC007"/>
  <testcase name="deletionElectoralRoll" time="56.347" classname="testcases.TC007"/>
  <testcase name="deletionElectoralRoll" time="81.461" classname="testcases.TC007"/>
</testsuite> <!-- testcases.TC007 -->
