<?xml version="1.0" encoding="UTF-8"?>
<!-- Generated by org.testng.reporters.JUnitReportReporter -->
<testsuite hostname="ADMIN-PC" name="wrappers.DP010" tests="1" failures="0" timestamp="24 May 2019 16:32:46 GMT" time="1.525" errors="0">
  <testcase name="getData" time="1.525" classname="wrappers.DP010"/>
</testsuite> <!-- wrappers.DP010 -->
