<?xml version="1.0" encoding="UTF-8"?>
<!-- Generated by org.testng.reporters.JUnitReportReporter -->
<testsuite hostname="ADMIN-PC" name="testcases.TC010" tests="1" failures="0" timestamp="16 May 2019 15:24:16 GMT" time="66.048" errors="0">
  <testcase name="indianFrro" time="66.048" classname="testcases.TC010"/>
</testsuite> <!-- testcases.TC010 -->
