<?xml version="1.0" encoding="UTF-8"?>
<!-- Generated by org.testng.reporters.JUnitReportReporter -->
<testsuite hostname="ADMIN-PC" name="testcases.TC008" tests="3" failures="0" timestamp="25 May 2019 15:40:15 GMT" time="213.106" errors="0">
  <testcase name="correctionElectoralRoll" time="70.351" classname="testcases.TC008"/>
  <testcase name="correctionElectoralRoll" time="70.378" classname="testcases.TC008"/>
  <testcase name="correctionElectoralRoll" time="72.377" classname="testcases.TC008"/>
</testsuite> <!-- testcases.TC008 -->
