<?xml version="1.0" encoding="UTF-8"?>
<!-- Generated by org.testng.reporters.JUnitReportReporter -->
<testsuite hostname="ADMIN-PC" name="wrappers.DP002" tests="1" failures="0" timestamp="19 May 2019 09:58:14 GMT" time="1.101" errors="0">
  <testcase name="getData" time="1.101" classname="wrappers.DP002"/>
</testsuite> <!-- wrappers.DP002 -->
