<?xml version="1.0" encoding="UTF-8"?>
<!-- Generated by org.testng.reporters.JUnitReportReporter -->
<testsuite hostname="ADMIN-PC" name="testcases.TC009" tests="3" failures="0" timestamp="25 May 2019 07:20:57 GMT" time="363.142" errors="0">
  <testcase name="nvspForm8A" time="133.271" classname="testcases.TC009"/>
  <testcase name="nvspForm8A" time="124.012" classname="testcases.TC009"/>
  <testcase name="nvspForm8A" time="105.859" classname="testcases.TC009"/>
</testsuite> <!-- testcases.TC009 -->
