<?xml version="1.0" encoding="UTF-8"?>
<!-- Generated by org.testng.reporters.JUnitReportReporter -->
<testsuite hostname="ADMIN-PC" name="testcases.TC003" tests="3" failures="0" timestamp="19 May 2019 12:44:52 GMT" time="348.533" errors="0">
  <testcase name="nvsp" time="121.930" classname="testcases.TC003"/>
  <testcase name="nvsp" time="111.522" classname="testcases.TC003"/>
  <testcase name="nvsp" time="115.081" classname="testcases.TC003"/>
</testsuite> <!-- testcases.TC003 -->
