<?xml version="1.0" encoding="UTF-8"?>
<!-- Generated by org.testng.reporters.JUnitReportReporter -->
<testsuite hostname="ADMIN-PC" name="testcases.TC006" tests="1" failures="0" timestamp="17 May 2019 04:17:47 GMT" time="145.496" errors="0">
  <testcase name="overseasVoter" time="145.496" classname="testcases.TC006"/>
</testsuite> <!-- testcases.TC006 -->
